<?xml version="1.0" encoding="utf-8"?>
<TestRun id="36f012b6-82e7-4216-8996-31822bcfc1a8" name="@89286b922a00 2022-10-15 20:39:36" xmlns="http://microsoft.com/schemas/VisualStudio/TeamTest/2010">
  <Times creation="2022-10-15T20:39:36.3887667+00:00" queuing="2022-10-15T20:39:36.3887668+00:00" start="2022-10-15T20:39:28.1558918+00:00" finish="2022-10-15T20:39:36.4096021+00:00" />
  <TestSettings name="default" id="362523a8-0aae-41fd-b0f4-83840f34c846">
    <Deployment runDeploymentRoot="_89286b922a00_2022-10-15_20_39_36" />
  </TestSettings>
  <Results>
    <UnitTestResult executionId="a737fb0a-2838-47d2-8f21-52268c7fb9da" testId="312eb87d-ecd5-1856-1f7e-5ee2bc4dedc0" testName="Library.UnitTests.BookControllerTests.PostBorrowBook_BookNotFound_ThrowException" computerName="89286b922a00" duration="00:00:00.0295372" startTime="2022-10-15T20:39:36.2446015+00:00" endTime="2022-10-15T20:39:36.2446016+00:00" testType="13cdc9d9-ddb5-4fa4-a97d-d965ccfc6d4b" outcome="Passed" testListId="8c84fa94-04c1-424b-9868-57a2d4851a1d" relativeResultsDirectory="a737fb0a-2838-47d2-8f21-52268c7fb9da" />
    <UnitTestResult executionId="5ffda3c8-2135-429d-af12-afdf93537c08" testId="9dfdf389-6eff-9ad2-1bd4-6bca166dafb9" testName="Library.UnitTests.BookControllerTests.GetBooks_ReturnAllBooks" computerName="89286b922a00" duration="00:00:00.3023050" startTime="2022-10-15T20:39:36.2048214+00:00" endTime="2022-10-15T20:39:36.2048215+00:00" testType="13cdc9d9-ddb5-4fa4-a97d-d965ccfc6d4b" outcome="Passed" testListId="8c84fa94-04c1-424b-9868-57a2d4851a1d" relativeResultsDirectory="5ffda3c8-2135-429d-af12-afdf93537c08" />
    <UnitTestResult executionId="f0a58a03-bbfa-4303-9223-3d1aefe3d140" testId="b873a308-84aa-a0df-897f-21144cc99811" testName="Library.UnitTests.Handlers.BorrowBookCommandHandlerTests.HandleBorrowBookCommand_EmptyEmail_ShouldHasError" computerName="89286b922a00" duration="00:00:00.0018290" startTime="2022-10-15T20:39:36.2207770+00:00" endTime="2022-10-15T20:39:36.2207771+00:00" testType="13cdc9d9-ddb5-4fa4-a97d-d965ccfc6d4b" outcome="Passed" testListId="8c84fa94-04c1-424b-9868-57a2d4851a1d" relativeResultsDirectory="f0a58a03-bbfa-4303-9223-3d1aefe3d140" />
    <UnitTestResult executionId="d8886d9d-52d9-4fc4-aeec-d9b7e036335d" testId="bf536fe3-dfe9-acf7-3a43-fa395cec9044" testName="Library.UnitTests.Handlers.BorrowBookCommandHandlerTests.HandleBorrowBookCommand_StudentNotFoundByEmail_ShouldHasError" computerName="89286b922a00" duration="00:00:00.0025369" startTime="2022-10-15T20:39:36.1464875+00:00" endTime="2022-10-15T20:39:36.1464876+00:00" testType="13cdc9d9-ddb5-4fa4-a97d-d965ccfc6d4b" outcome="Passed" testListId="8c84fa94-04c1-424b-9868-57a2d4851a1d" relativeResultsDirectory="d8886d9d-52d9-4fc4-aeec-d9b7e036335d" />
    <UnitTestResult executionId="5bea6d4a-c904-4e21-b6ce-8151e38740d9" testId="8ec4aa84-08d9-a846-7496-7fde3996d2f3" testName="Library.UnitTests.Controllers.StudentControllerTests.GetStudents_ReturnAllStudents" computerName="89286b922a00" duration="00:00:00.3019560" startTime="2022-10-15T20:39:36.2046047+00:00" endTime="2022-10-15T20:39:36.2046048+00:00" testType="13cdc9d9-ddb5-4fa4-a97d-d965ccfc6d4b" outcome="Passed" testListId="8c84fa94-04c1-424b-9868-57a2d4851a1d" relativeResultsDirectory="5bea6d4a-c904-4e21-b6ce-8151e38740d9" />
    <UnitTestResult executionId="3b9a74c4-4060-459d-ab43-45a6b3e24fc0" testId="c95c923d-4f70-9b74-8249-8969c4c06bf2" testName="Library.UnitTests.Handlers.BorrowBookCommandHandlerTests.HandleBorrowBookCommand_BookIsLent_ShouldHasError" computerName="89286b922a00" duration="00:00:00.0134912" startTime="2022-10-15T20:39:36.2180352+00:00" endTime="2022-10-15T20:39:36.2180354+00:00" testType="13cdc9d9-ddb5-4fa4-a97d-d965ccfc6d4b" outcome="Passed" testListId="8c84fa94-04c1-424b-9868-57a2d4851a1d" relativeResultsDirectory="3b9a74c4-4060-459d-ab43-45a6b3e24fc0" />
    <UnitTestResult executionId="d441e90e-69a5-4433-b847-240d95cb2740" testId="9a4fdcf4-36a7-3c26-9095-ac5e5cb19382" testName="Library.UnitTests.BookControllerTests.PostBorrowBook_BorrowedBook_Successfully" computerName="89286b922a00" duration="00:00:00.0091886" startTime="2022-10-15T20:39:36.2144575+00:00" endTime="2022-10-15T20:39:36.2144577+00:00" testType="13cdc9d9-ddb5-4fa4-a97d-d965ccfc6d4b" outcome="Passed" testListId="8c84fa94-04c1-424b-9868-57a2d4851a1d" relativeResultsDirectory="d441e90e-69a5-4433-b847-240d95cb2740" />
    <UnitTestResult executionId="078d59f1-8ab2-47ab-a5d5-d05adb802b26" testId="aabb8f96-2e14-814c-8377-43669bd429f9" testName="Library.UnitTests.Handlers.BorrowBookCommandHandlerTests.HandleBorrowBookCommand_ValidBookAndEmail_ShouldBeSuccess" computerName="89286b922a00" duration="00:00:00.0652416" startTime="2022-10-15T20:39:36.2043642+00:00" endTime="2022-10-15T20:39:36.2043643+00:00" testType="13cdc9d9-ddb5-4fa4-a97d-d965ccfc6d4b" outcome="Passed" testListId="8c84fa94-04c1-424b-9868-57a2d4851a1d" relativeResultsDirectory="078d59f1-8ab2-47ab-a5d5-d05adb802b26" />
    <UnitTestResult executionId="37097bb5-b8f6-435d-aa9f-2e94b4f2df76" testId="e2978a18-007a-c923-179a-d7bcdb03ae96" testName="Library.UnitTests.Handlers.BorrowBookCommandHandlerTests.HandleBorrowBookCommand_BookDoesntBelongToStudentCourse_ShouldHasError" computerName="89286b922a00" duration="00:00:00.2382639" startTime="2022-10-15T20:39:36.1373008+00:00" endTime="2022-10-15T20:39:36.1376849+00:00" testType="13cdc9d9-ddb5-4fa4-a97d-d965ccfc6d4b" outcome="Passed" testListId="8c84fa94-04c1-424b-9868-57a2d4851a1d" relativeResultsDirectory="37097bb5-b8f6-435d-aa9f-2e94b4f2df76" />
  </Results>
  <TestDefinitions>
    <UnitTest name="Library.UnitTests.Controllers.StudentControllerTests.GetStudents_ReturnAllStudents" storage="/src/tests/library.unittests/bin/debug/net6.0/library.unittests.dll" id="8ec4aa84-08d9-a846-7496-7fde3996d2f3">
      <Execution id="5bea6d4a-c904-4e21-b6ce-8151e38740d9" />
      <TestMethod codeBase="/src/tests/Library.UnitTests/bin/Debug/net6.0/Library.UnitTests.dll" adapterTypeName="executor://xunit/VsTestRunner2/netcoreapp" className="Library.UnitTests.Controllers.StudentControllerTests" name="GetStudents_ReturnAllStudents" />
    </UnitTest>
    <UnitTest name="Library.UnitTests.Handlers.BorrowBookCommandHandlerTests.HandleBorrowBookCommand_EmptyEmail_ShouldHasError" storage="/src/tests/library.unittests/bin/debug/net6.0/library.unittests.dll" id="b873a308-84aa-a0df-897f-21144cc99811">
      <Execution id="f0a58a03-bbfa-4303-9223-3d1aefe3d140" />
      <TestMethod codeBase="/src/tests/Library.UnitTests/bin/Debug/net6.0/Library.UnitTests.dll" adapterTypeName="executor://xunit/VsTestRunner2/netcoreapp" className="Library.UnitTests.Handlers.BorrowBookCommandHandlerTests" name="HandleBorrowBookCommand_EmptyEmail_ShouldHasError" />
    </UnitTest>
    <UnitTest name="Library.UnitTests.Handlers.BorrowBookCommandHandlerTests.HandleBorrowBookCommand_BookDoesntBelongToStudentCourse_ShouldHasError" storage="/src/tests/library.unittests/bin/debug/net6.0/library.unittests.dll" id="e2978a18-007a-c923-179a-d7bcdb03ae96">
      <Execution id="37097bb5-b8f6-435d-aa9f-2e94b4f2df76" />
      <TestMethod codeBase="/src/tests/Library.UnitTests/bin/Debug/net6.0/Library.UnitTests.dll" adapterTypeName="executor://xunit/VsTestRunner2/netcoreapp" className="Library.UnitTests.Handlers.BorrowBookCommandHandlerTests" name="HandleBorrowBookCommand_BookDoesntBelongToStudentCourse_ShouldHasError" />
    </UnitTest>
    <UnitTest name="Library.UnitTests.BookControllerTests.GetBooks_ReturnAllBooks" storage="/src/tests/library.unittests/bin/debug/net6.0/library.unittests.dll" id="9dfdf389-6eff-9ad2-1bd4-6bca166dafb9">
      <Execution id="5ffda3c8-2135-429d-af12-afdf93537c08" />
      <TestMethod codeBase="/src/tests/Library.UnitTests/bin/Debug/net6.0/Library.UnitTests.dll" adapterTypeName="executor://xunit/VsTestRunner2/netcoreapp" className="Library.UnitTests.BookControllerTests" name="GetBooks_ReturnAllBooks" />
    </UnitTest>
    <UnitTest name="Library.UnitTests.Handlers.BorrowBookCommandHandlerTests.HandleBorrowBookCommand_ValidBookAndEmail_ShouldBeSuccess" storage="/src/tests/library.unittests/bin/debug/net6.0/library.unittests.dll" id="aabb8f96-2e14-814c-8377-43669bd429f9">
      <Execution id="078d59f1-8ab2-47ab-a5d5-d05adb802b26" />
      <TestMethod codeBase="/src/tests/Library.UnitTests/bin/Debug/net6.0/Library.UnitTests.dll" adapterTypeName="executor://xunit/VsTestRunner2/netcoreapp" className="Library.UnitTests.Handlers.BorrowBookCommandHandlerTests" name="HandleBorrowBookCommand_ValidBookAndEmail_ShouldBeSuccess" />
    </UnitTest>
    <UnitTest name="Library.UnitTests.Handlers.BorrowBookCommandHandlerTests.HandleBorrowBookCommand_StudentNotFoundByEmail_ShouldHasError" storage="/src/tests/library.unittests/bin/debug/net6.0/library.unittests.dll" id="bf536fe3-dfe9-acf7-3a43-fa395cec9044">
      <Execution id="d8886d9d-52d9-4fc4-aeec-d9b7e036335d" />
      <TestMethod codeBase="/src/tests/Library.UnitTests/bin/Debug/net6.0/Library.UnitTests.dll" adapterTypeName="executor://xunit/VsTestRunner2/netcoreapp" className="Library.UnitTests.Handlers.BorrowBookCommandHandlerTests" name="HandleBorrowBookCommand_StudentNotFoundByEmail_ShouldHasError" />
    </UnitTest>
    <UnitTest name="Library.UnitTests.BookControllerTests.PostBorrowBook_BookNotFound_ThrowException" storage="/src/tests/library.unittests/bin/debug/net6.0/library.unittests.dll" id="312eb87d-ecd5-1856-1f7e-5ee2bc4dedc0">
      <Execution id="a737fb0a-2838-47d2-8f21-52268c7fb9da" />
      <TestMethod codeBase="/src/tests/Library.UnitTests/bin/Debug/net6.0/Library.UnitTests.dll" adapterTypeName="executor://xunit/VsTestRunner2/netcoreapp" className="Library.UnitTests.BookControllerTests" name="PostBorrowBook_BookNotFound_ThrowException" />
    </UnitTest>
    <UnitTest name="Library.UnitTests.Handlers.BorrowBookCommandHandlerTests.HandleBorrowBookCommand_BookIsLent_ShouldHasError" storage="/src/tests/library.unittests/bin/debug/net6.0/library.unittests.dll" id="c95c923d-4f70-9b74-8249-8969c4c06bf2">
      <Execution id="3b9a74c4-4060-459d-ab43-45a6b3e24fc0" />
      <TestMethod codeBase="/src/tests/Library.UnitTests/bin/Debug/net6.0/Library.UnitTests.dll" adapterTypeName="executor://xunit/VsTestRunner2/netcoreapp" className="Library.UnitTests.Handlers.BorrowBookCommandHandlerTests" name="HandleBorrowBookCommand_BookIsLent_ShouldHasError" />
    </UnitTest>
    <UnitTest name="Library.UnitTests.BookControllerTests.PostBorrowBook_BorrowedBook_Successfully" storage="/src/tests/library.unittests/bin/debug/net6.0/library.unittests.dll" id="9a4fdcf4-36a7-3c26-9095-ac5e5cb19382">
      <Execution id="d441e90e-69a5-4433-b847-240d95cb2740" />
      <TestMethod codeBase="/src/tests/Library.UnitTests/bin/Debug/net6.0/Library.UnitTests.dll" adapterTypeName="executor://xunit/VsTestRunner2/netcoreapp" className="Library.UnitTests.BookControllerTests" name="PostBorrowBook_BorrowedBook_Successfully" />
    </UnitTest>
  </TestDefinitions>
  <TestEntries>
    <TestEntry testId="312eb87d-ecd5-1856-1f7e-5ee2bc4dedc0" executionId="a737fb0a-2838-47d2-8f21-52268c7fb9da" testListId="8c84fa94-04c1-424b-9868-57a2d4851a1d" />
    <TestEntry testId="9dfdf389-6eff-9ad2-1bd4-6bca166dafb9" executionId="5ffda3c8-2135-429d-af12-afdf93537c08" testListId="8c84fa94-04c1-424b-9868-57a2d4851a1d" />
    <TestEntry testId="b873a308-84aa-a0df-897f-21144cc99811" executionId="f0a58a03-bbfa-4303-9223-3d1aefe3d140" testListId="8c84fa94-04c1-424b-9868-57a2d4851a1d" />
    <TestEntry testId="bf536fe3-dfe9-acf7-3a43-fa395cec9044" executionId="d8886d9d-52d9-4fc4-aeec-d9b7e036335d" testListId="8c84fa94-04c1-424b-9868-57a2d4851a1d" />
    <TestEntry testId="8ec4aa84-08d9-a846-7496-7fde3996d2f3" executionId="5bea6d4a-c904-4e21-b6ce-8151e38740d9" testListId="8c84fa94-04c1-424b-9868-57a2d4851a1d" />
    <TestEntry testId="c95c923d-4f70-9b74-8249-8969c4c06bf2" executionId="3b9a74c4-4060-459d-ab43-45a6b3e24fc0" testListId="8c84fa94-04c1-424b-9868-57a2d4851a1d" />
    <TestEntry testId="9a4fdcf4-36a7-3c26-9095-ac5e5cb19382" executionId="d441e90e-69a5-4433-b847-240d95cb2740" testListId="8c84fa94-04c1-424b-9868-57a2d4851a1d" />
    <TestEntry testId="aabb8f96-2e14-814c-8377-43669bd429f9" executionId="078d59f1-8ab2-47ab-a5d5-d05adb802b26" testListId="8c84fa94-04c1-424b-9868-57a2d4851a1d" />
    <TestEntry testId="e2978a18-007a-c923-179a-d7bcdb03ae96" executionId="37097bb5-b8f6-435d-aa9f-2e94b4f2df76" testListId="8c84fa94-04c1-424b-9868-57a2d4851a1d" />
  </TestEntries>
  <TestLists>
    <TestList name="Results Not in a List" id="8c84fa94-04c1-424b-9868-57a2d4851a1d" />
    <TestList name="All Loaded Results" id="19431567-8539-422a-85d7-44ee4e166bda" />
  </TestLists>
  <ResultSummary outcome="Completed">
    <Counters total="9" executed="9" passed="9" failed="0" error="0" timeout="0" aborted="0" inconclusive="0" passedButRunAborted="0" notRunnable="0" notExecuted="0" disconnected="0" warning="0" completed="0" inProgress="0" pending="0" />
    <Output>
      <StdOut>[xUnit.net 00:00:00.01] xUnit.net VSTest Adapter v2.4.0 (64-bit .NET 6.0.10)
[xUnit.net 00:00:04.53]   Discovering: Library.UnitTests
[xUnit.net 00:00:04.63]   Discovered:  Library.UnitTests
[xUnit.net 00:00:04.64]   Starting:    Library.UnitTests
[xUnit.net 00:00:05.17]   Finished:    Library.UnitTests
</StdOut>
    </Output>
  </ResultSummary>
</TestRun>